e:\projects\examapp\examgraderapp\debug\examgraderapp.pch
e:\projects\examapp\examgraderapp\debug\vc140.pdb
e:\projects\examapp\examgraderapp\debug\vc140.idb
e:\projects\examapp\examgraderapp\debug\stdafx.obj
e:\projects\examapp\examgraderapp\debug\answer.obj
e:\projects\examapp\examgraderapp\debug\answerkey.obj
e:\projects\examapp\examgraderapp\debug\answersheet.obj
e:\projects\examapp\examgraderapp\debug\config.obj
e:\projects\examapp\examgraderapp\debug\examgraderapp.obj
e:\projects\examapp\examgraderapp\debug\examrubric.obj
e:\projects\examapp\examgraderapp\debug\filerepository.obj
e:\projects\examapp\examgraderapp\debug\indexitem.obj
e:\projects\examapp\examgraderapp\debug\pointaddoverload.obj
e:\projects\examapp\debug\examgraderapp.ilk
e:\projects\examapp\debug\examgraderapp.exe
e:\projects\examapp\debug\examgraderapp.pdb
e:\projects\examapp\examgraderapp\debug\examgraderapp.tlog\cl.command.1.tlog
e:\projects\examapp\examgraderapp\debug\examgraderapp.tlog\cl.read.1.tlog
e:\projects\examapp\examgraderapp\debug\examgraderapp.tlog\cl.write.1.tlog
e:\projects\examapp\examgraderapp\debug\examgraderapp.tlog\link.command.1.tlog
e:\projects\examapp\examgraderapp\debug\examgraderapp.tlog\link.read.1.tlog
e:\projects\examapp\examgraderapp\debug\examgraderapp.tlog\link.write.1.tlog
