e:\projects\examapp\examapp\debug\examapp.pch
e:\projects\examapp\examapp\debug\vc140.pdb
e:\projects\examapp\examapp\debug\vc140.idb
e:\projects\examapp\examapp\debug\stdafx.obj
e:\projects\examapp\examapp\debug\answer.obj
e:\projects\examapp\examapp\debug\answerkey.obj
e:\projects\examapp\examapp\debug\config.obj
e:\projects\examapp\examapp\debug\exam.obj
e:\projects\examapp\examapp\debug\examapp.obj
e:\projects\examapp\examapp\debug\filerepository.obj
e:\projects\examapp\examapp\debug\gradedexam.obj
e:\projects\examapp\examapp\debug\indexitem.obj
e:\projects\examapp\examapp\debug\logoncontroller.obj
e:\projects\examapp\examapp\debug\logonview.obj
e:\projects\examapp\examapp\debug\mcquestion.obj
e:\projects\examapp\examapp\debug\mcoption.obj
e:\projects\examapp\examapp\debug\professorcontroller.obj
e:\projects\examapp\examapp\debug\professorview.obj
e:\projects\examapp\examapp\debug\question.obj
e:\projects\examapp\examapp\debug\student.obj
e:\projects\examapp\examapp\debug\studentcontroller.obj
e:\projects\examapp\examapp\debug\studentview.obj
e:\projects\examapp\examapp\debug\tfquestion.obj
e:\projects\examapp\debug\examapp.ilk
e:\projects\examapp\debug\examapp.exe
e:\projects\examapp\debug\examapp.pdb
e:\projects\examapp\examapp\debug\examapp.tlog\cl.command.1.tlog
e:\projects\examapp\examapp\debug\examapp.tlog\cl.read.1.tlog
e:\projects\examapp\examapp\debug\examapp.tlog\cl.write.1.tlog
e:\projects\examapp\examapp\debug\examapp.tlog\link.command.1.tlog
e:\projects\examapp\examapp\debug\examapp.tlog\link.read.1.tlog
e:\projects\examapp\examapp\debug\examapp.tlog\link.write.1.tlog
